<?xml version="1.0" encoding="UTF-8" ?>
<testsuite errors="1" failures="0" hostname="LAPTOP-PDVNBNK2" name="UserAccountTest" skipped="0" tests="6" time="0.18" timestamp="2023-05-18T15:06:23">
  <properties>
    <property name="build.test.dir" value=".apps/test" />
    <property name="ant.library.dir" value="/usr/share/ant/lib" />
    <property name="ant.file.type" value="file" />
    <property name="java.specification.version" value="17" />
    <property name="scp.port" value="2222" />
    <property name="ant.project.name" value="MISPI3" />
    <property name="sun.jnu.encoding" value="UTF-8" />
    <property name="java.class.path" value="/home/ovoshchko/MISPI3/lib/junit.jar:/home/ovoshchko/MISPI3/lib/hamcrest-core-1.3.jar:/home/ovoshchko/MISPI3/.apps/test:/home/ovoshchko/MISPI3/.build/classes:/usr/share/java/ant-launcher-1.10.12.jar:/usr/share/ant/lib/ant.jar:/usr/share/ant/lib/ant-junit.jar:/usr/share/ant/lib/ant-junit4.jar" />
    <property name="java.vm.vendor" value="Private Build" />
    <property name="sun.arch.data.model" value="64" />
    <property name="ant-cont.dir" value="lib/ant-contrib-1.0b3.jar" />
    <property name="java.vendor.url" value="Unknown" />
    <property name="java.vm.specification.version" value="17" />
    <property name="os.name" value="Linux" />
    <property name="sun.java.launcher" value="SUN_STANDARD" />
    <property name="sun.boot.library.path" value="/usr/lib/jvm/java-17-openjdk-amd64/lib" />
    <property name="sun.java.command" value="org.apache.tools.ant.taskdefs.optional.junit.JUnitTestRunner UserAccountTest skipNonTests=false filtertrace=true haltOnError=true haltOnFailure=true formatter=org.apache.tools.ant.taskdefs.optional.junit.SummaryJUnitResultFormatter showoutput=false outputtoformatters=true logfailedtests=true threadid=0 logtestlistenerevents=false formatter=org.apache.tools.ant.taskdefs.optional.junit.XMLJUnitResultFormatter,/home/ovoshchko/MISPI3/.apps/test/reports/TEST-UserAccountTest.xml crashfile=/home/ovoshchko/MISPI3/junitvmwatcher7549744719761820740.properties propsfile=/home/ovoshchko/MISPI3/junit4627796724654009251.properties" />
    <property name="base.dir" value=".apps" />
    <property name="scp.dir" value="/home/studs/s337054" />
    <property name="jdk.debug" value="release" />
    <property name="sql.dir" value="src/main/taparia-storage-jdbc/src/main/resources" />
    <property name="test.dir" value="src/test" />
    <property name="sun.cpu.endian" value="little" />
    <property name="user.home" value="/root" />
    <property name="user.language" value="en" />
    <property name="sun.stderr.encoding" value="UTF-8" />
    <property name="java.specification.vendor" value="Oracle Corporation" />
    <property name="java.version.date" value="2023-01-17" />
    <property name="java.home" value="/usr/lib/jvm/java-17-openjdk-amd64" />
    <property name="ant.file.type.MISPI3" value="file" />
    <property name="basedir" value="/home/ovoshchko/MISPI3" />
    <property name="file.separator" value="/" />
    <property name="java.vm.compressedOopsMode" value="32-bit" />
    <property name="line.separator" value="&#xa;" />
    <property name="sun.stdout.encoding" value="UTF-8" />
    <property name="ant.java.version" value="17" />
    <property name="java.vm.specification.vendor" value="Oracle Corporation" />
    <property name="java.specification.name" value="Java Platform API Specification" />
    <property name="build.api.dir" value=".apps/api/WEB-INF" />
    <property name="build.lib.dir" value=".build/lib" />
    <property name="path.to.app.war" value=".apps/app.war" />
    <property name="scp.host" value="se.ifmo.ru" />
    <property name="sun.management.compiler" value="HotSpot 64-Bit Tiered Compilers" />
    <property name="build.web-inf.dir" value=".apps/app/WEB-INF" />
    <property name="path.to.api.war" value=".apps/api.war" />
    <property name="java.runtime.version" value="17.0.6+10-Ubuntu-0ubuntu122.04" />
    <property name="user.name" value="root" />
    <property name="ant.file" value="/home/ovoshchko/MISPI3/build.xml" />
    <property name="build.classes.dir" value=".build/classes" />
    <property name="path.separator" value=":" />
    <property name="os.version" value="5.10.16.3-microsoft-standard-WSL2" />
    <property name="java.runtime.name" value="OpenJDK Runtime Environment" />
    <property name="src.web.dir" value="src/main/taparia-app/src/main/webapp" />
    <property name="file.encoding" value="UTF-8" />
    <property name="webxml.file" value=".apps/app/WEB-INF/web.xml" />
    <property name="scp.user" value="s337054" />
    <property name="ant.project.invoked-targets" value="test" />
    <property name="junit.lib" value="lib/junit.jar" />
    <property name="java.vm.name" value="OpenJDK 64-Bit Server VM" />
    <property name="reports.test" value=".apps/test/reports" />
    <property name="hamcrest.lib" value="lib/hamcrest-core-1.3.jar" />
    <property name="build.web.dir" value=".apps/app" />
    <property name="web.classes" value=".apps/app/WEB-INF/classes" />
    <property name="build.dir" value=".build" />
    <property name="ant.core.lib" value="/usr/share/ant/lib/ant.jar" />
    <property name="java.vendor.url.bug" value="Unknown" />
    <property name="java.io.tmpdir" value="/tmp" />
    <property name="java.version" value="17.0.6" />
    <property name="user.dir" value="/home/ovoshchko/MISPI3" />
    <property name="os.arch" value="amd64" />
    <property name="src.main.dir" value="src/main" />
    <property name="java.vm.specification.name" value="Java Virtual Machine Specification" />
    <property name="ant.home" value="/usr/share/ant" />
    <property name="web-inf.path" value="src/main/taparia-app/src/main/webapp/WEB-INF" />
    <property name="lib.dir" value="lib" />
    <property name="ant.file.MISPI3" value="/home/ovoshchko/MISPI3/build.xml" />
    <property name="native.encoding" value="UTF-8" />
    <property name="ant.version" value="Apache Ant(TM) version 1.10.12 compiled on January 17 1970" />
    <property name="java.library.path" value="/usr/java/packages/lib:/usr/lib/x86_64-linux-gnu/jni:/lib/x86_64-linux-gnu:/usr/lib/x86_64-linux-gnu:/usr/lib/jni:/lib:/usr/lib" />
    <property name="java.vendor" value="Private Build" />
    <property name="java.vm.info" value="mixed mode, sharing" />
    <property name="java.vm.version" value="17.0.6+10-Ubuntu-0ubuntu122.04" />
    <property name="build.api" value=".apps/api" />
    <property name="sun.io.unicode.encoding" value="UnicodeLittle" />
    <property name="java.class.version" value="61.0" />
    <property name="src.dir" value="src" />
    <property name="ant.project.default-target" value="build" />
  </properties>
  <testcase classname="UserAccountTest" name="testInvalidNameTooShort" time="0.003" />
  <testcase classname="UserAccountTest" name="testValidUser" time="0.009">
    <error message="User account name must match regex &apos;^[A-Za-z0-9]{4,32}$&apos;, but &apos;te&apos; was given" type="java.lang.IllegalArgumentException">java.lang.IllegalArgumentException: User account name must match regex &apos;^[A-Za-z0-9]{4,32}$&apos;, but &apos;te&apos; was given
	at ru.vityaman.itmo.web.lab.taparia.user.UserAccount$Name.&lt;init&gt;(Unknown Source)
	at ru.vityaman.itmo.web.lab.taparia.user.UserAccount$Name.of(Unknown Source)
	at UserAccountTest.testValidUser(Unknown Source)
	at java.base/jdk.internal.reflect.NativeMethodAccessorImpl.invoke0(Native Method)
	at java.base/jdk.internal.reflect.NativeMethodAccessorImpl.invoke(NativeMethodAccessorImpl.java:77)
	at java.base/jdk.internal.reflect.DelegatingMethodAccessorImpl.invoke(DelegatingMethodAccessorImpl.java:43)
</error>
  </testcase>
  <testcase classname="UserAccountTest" name="testInvalidNameRestrictedSymbol" time="0.0" />
  <testcase classname="UserAccountTest" name="testInvalidIdZero" time="0.0" />
  <testcase classname="UserAccountTest" name="testInvalidNameTooLong" time="0.003" />
  <testcase classname="UserAccountTest" name="testInvalidIdNegative" time="0.0" />
  <system-out><![CDATA[]]></system-out>
  <system-err><![CDATA[]]></system-err>
</testsuite>
